This is e-pTeX, Version 3.14159265-p3.8.1-180226-2.6 (utf8.euc) (TeX Live 2018) (preloaded format=platex 2019.1.25)  9 SEP 2020 16:24
entering extended mode
 restricted \write18 enabled.
 %&-line parsing enabled.
**/Users/shuto/SUBTHEME/subthemeReport
(/Users/shuto/SUBTHEME/subthemeReport.tex
pLaTeX2e <2018-12-01> (based on LaTeX2e <2018-12-01>)
(/usr/local/texlive/2018/texmf-dist/tex/platex/base/jreport.cls
Document Class: jreport 2018/10/25 v1.8a Standard pLaTeX class
\c@@paper=\count83
(/usr/local/texlive/2018/texmf-dist/tex/platex/base/jsize12.clo
File: jsize12.clo 2018/10/25 v1.8a Standard pLaTeX file (size option)
)
\c@part=\count84
\c@chapter=\count85
\c@section=\count86
\c@subsection=\count87
\c@subsubsection=\count88
\c@paragraph=\count89
\c@subparagraph=\count90
\c@figure=\count91
\c@table=\count92
\abovecaptionskip=\skip41
\belowcaptionskip=\skip42
\symmincho=\mathgroup4
LaTeX Font Info:    Overwriting symbol font `mincho' in version `bold'
(Font)                  JY1/mc/m/n --> JY1/gt/m/n on input line 703.
\toclineskip=\dimen118
\@lnumwidth=\dimen119
\bibindent=\dimen120
\heisei=\count93
) (/usr/local/texlive/2018/texmf-dist/tex/latex/tools/indentfirst.sty
Package: indentfirst 1995/11/23 v1.03 Indent first paragraph (DPC)
) (/usr/local/texlive/2018/texmf-dist/tex/latex/graphics/graphicx.sty
Package: graphicx 2017/06/01 v1.1a Enhanced LaTeX Graphics (DPC,SPQR)
 (/usr/local/texlive/2018/texmf-dist/tex/latex/graphics/keyval.sty
Package: keyval 2014/10/28 v1.15 key=value parser (DPC)
\KV@toks@=\toks15
) (/usr/local/texlive/2018/texmf-dist/tex/latex/graphics/graphics.sty
Package: graphics 2017/06/25 v1.2c Standard LaTeX Graphics (DPC,SPQR)
 (/usr/local/texlive/2018/texmf-dist/tex/latex/graphics/trig.sty
Package: trig 2016/01/03 v1.10 sin cos tan (DPC)
) (/usr/local/texlive/2018/texmf-dist/tex/latex/graphics-cfg/graphics.cfg
File: graphics.cfg 2016/06/04 v1.11 sample graphics configuration
)
Package graphics Info: Driver file: dvipdfmx.def on input line 99.
 (/usr/local/texlive/2018/texmf-dist/tex/latex/graphics-def/dvipdfmx.def
File: dvipdfmx.def 2017/06/24 v5.0g Graphics/color driver for dvipdfmx
))
\Gin@req@height=\dimen121
\Gin@req@width=\dimen122
) (/usr/local/texlive/2018/texmf-dist/tex/latex/comment/comment.sty
\CommentStream=\write3
 Excluding comment 'comment') (/usr/local/texlive/2018/texmf-dist/tex/latex/here/here.sty) (/usr/local/texlive/2018/texmf-dist/tex/latex/float/float.sty
Package: float 2001/11/08 v1.3d Float enhancements (AL)
\c@float@type=\count94
\float@exts=\toks16
\float@box=\box43
\@float@everytoks=\toks17
\@floatcapt=\box44
) (/usr/local/texlive/2018/texmf-dist/tex/latex/tools/enumerate.sty
Package: enumerate 2015/07/23 v3.00 enumerate extensions (DPC)
\@enLab=\toks18
) (./subthemeReport.aux

LaTeX Warning: Label `telnet_flow' multiply defined.

)
\openout1 = `subthemeReport.aux'.

LaTeX Font Info:    Checking defaults for OML/cmm/m/it on input line 24.
LaTeX Font Info:    ... okay on input line 24.
LaTeX Font Info:    Checking defaults for T1/cmr/m/n on input line 24.
LaTeX Font Info:    ... okay on input line 24.
LaTeX Font Info:    Checking defaults for OT1/cmr/m/n on input line 24.
LaTeX Font Info:    ... okay on input line 24.
LaTeX Font Info:    Checking defaults for OMS/cmsy/m/n on input line 24.
LaTeX Font Info:    ... okay on input line 24.
LaTeX Font Info:    Checking defaults for OMX/cmex/m/n on input line 24.
LaTeX Font Info:    ... okay on input line 24.
LaTeX Font Info:    Checking defaults for U/cmr/m/n on input line 24.
LaTeX Font Info:    ... okay on input line 24.
LaTeX Font Info:    Checking defaults for JY1/mc/m/n on input line 24.
LaTeX Font Info:    ... okay on input line 24.
LaTeX Font Info:    Checking defaults for JT1/mc/m/n on input line 24.
LaTeX Font Info:    ... okay on input line 24.
LaTeX Font Info:    External font `cmex10' loaded for size
(Font)              <17.28> on input line 26.
LaTeX Font Info:    External font `cmex10' loaded for size
(Font)              <12> on input line 26.
 [1

]
LaTeX Font Info:    Font shape `JT1/mc/bx/n' in size <12> not available
(Font)              Font shape `JT1/gt/m/n' tried instead on input line 30.
LaTeX Font Info:    Font shape `JY1/mc/bx/n' in size <12> not available
(Font)              Font shape `JY1/gt/m/n' tried instead on input line 30.
 [1]
LaTeX Font Info:    Font shape `JT1/mc/bx/n' in size <24.88> not available
(Font)              Font shape `JT1/gt/m/n' tried instead on input line 50.
LaTeX Font Info:    Font shape `JY1/mc/bx/n' in size <24.88> not available
(Font)              Font shape `JY1/gt/m/n' tried instead on input line 50.
 (./subthemeReport.toc
LaTeX Font Info:    External font `cmex10' loaded for size
(Font)              <8> on input line 2.
LaTeX Font Info:    External font `cmex10' loaded for size
(Font)              <6> on input line 2.
 [1

])
\tf@toc=\write4
\openout4 = `subthemeReport.toc'.

 [2]
第 1 章
LaTeX Font Info:    Font shape `JT1/mc/bx/n' in size <17.28> not available
(Font)              Font shape `JT1/gt/m/n' tried instead on input line 54.
LaTeX Font Info:    Font shape `JY1/mc/bx/n' in size <17.28> not available
(Font)              Font shape `JY1/gt/m/n' tried instead on input line 54.
File: graphs/telework_list.pdf Graphic file (type pdf)
<graphs/telework_list.pdf>

LaTeX Warning: `h' float specifier changed to `ht'.

[3


]
File: graphs/network_archtecture.pdf Graphic file (type pdf)
<graphs/network_archtecture.pdf>


LaTeX Warning: `h' float specifier changed to `ht'.

File: graphs/network_archtecture.pdf Graphic file (type pdf)
<graphs/network_archtecture.pdf>

LaTeX Warning: `h' float specifier changed to `ht'.

[4] [5]
第 2 章
LaTeX Font Info:    Try loading font information for OMS+cmr on input line 137.
(/usr/local/texlive/2018/texmf-dist/tex/latex/base/omscmr.fd
File: omscmr.fd 2014/09/29 v2.5h Standard LaTeX font definitions
)
LaTeX Font Info:    Font shape `OMS/cmr/m/n' in size <12> not available
(Font)              Font shape `OMS/cmsy/m/n' tried instead on input line 137.
LaTeX Font Info:    Font shape `JT1/mc/bx/n' in size <14.4> not available
(Font)              Font shape `JT1/gt/m/n' tried instead on input line 143.
LaTeX Font Info:    Font shape `JY1/mc/bx/n' in size <14.4> not available
(Font)              Font shape `JY1/gt/m/n' tried instead on input line 143.
File: graphs/network_archtecture.pdf Graphic file (type pdf)
<graphs/network_archtecture.pdf>


LaTeX Warning: `h' float specifier changed to `ht'.

[6

]
File: graphs/network_archtecture.pdf Graphic file (type pdf)
<graphs/network_archtecture.pdf>


LaTeX Warning: `h' float specifier changed to `ht'.

[7] [8] [9] [10] [11]
File: graphs/network_archtecture.pdf Graphic file (type pdf)
<graphs/network_archtecture.pdf>
 [12]
File: graphs/network_archtecture.pdf Graphic file (type pdf)
<graphs/network_archtecture.pdf>


LaTeX Warning: `h' float specifier changed to `ht'.

File: graphs/network_archtecture.pdf Graphic file (type pdf)
<graphs/network_archtecture.pdf>

LaTeX Warning: `h' float specifier changed to `ht'.

[13]
File: graphs/network_archtecture.pdf Graphic file (type pdf)
<graphs/network_archtecture.pdf>
 [14] [15] [16] [17]
File: graphs/network_archtecture.pdf Graphic file (type pdf)
<graphs/network_archtecture.pdf>
 [18] [19]
第 3 章
[20

] [21] [22]
File: graphs/network_archtecture.pdf Graphic file (type pdf)
<graphs/network_archtecture.pdf>
File: graphs/network_archtecture.pdf Graphic file (type pdf)
<graphs/network_archtecture.pdf>

Overfull \hbox (43.16638pt too wide) in paragraph at lines 568--585
[]\OT1/cmr/m/n/12 Kerberos \JY1/mc/m/n/12 認証では 、 ユ ーザが正しいユ ーザ \OT1/cmr/m/n/12 ID \JY1/mc/m/n/12 とパスワ ードを \OT1/cmr/m/n/12 AS(Authentication
 []


LaTeX Warning: `h' float specifier changed to `ht'.

[23] [24] [25] [26]
第 4 章
File: graphs/network_archtecture.pdf Graphic file (type pdf)
<graphs/network_archtecture.pdf>
[27

] [28]
第 5 章
[29

]
File: graphs/network_archtecture.pdf Graphic file (type pdf)
<graphs/network_archtecture.pdf>
 [30]
Overfull \hbox (1.68246pt too wide) in paragraph at lines 776--782
[]\OT1/cmr/m/n/12 ``sshportal(https://github.com/moul/sshportal)"\JY1/mc/m/n/12 とは 、 透過的な \OT1/cmr/m/n/12 SSH \JY1/mc/m/n/12 要
 []

[31]
LaTeX Font Info:    Try loading font information for OML+cmr on input line 802.
 (/usr/local/texlive/2018/texmf-dist/tex/latex/base/omlcmr.fd
File: omlcmr.fd 2014/09/29 v2.5h Standard LaTeX font definitions
)
LaTeX Font Info:    Font shape `OML/cmr/m/n' in size <12> not available
(Font)              Font shape `OML/cmm/m/it' tried instead on input line 802.
 [32] [33]
第 6 章
Excluding 'comment' comment. [34

] [35]
Overfull \hbox (41.1908pt too wide) in paragraph at lines 920--923
[]\JY1/mc/m/n/12 ー ー ー ー ー ー ー ー ー ー ー ー ー ー ーここで図を挿入しておきたい ー ー ー ー ー ー ー ー
 []

[36] Excluding 'comment' comment. [37] [38]
第 7 章
(./subthemeReport.bbl [39

]) [40

] (./subthemeReport.aux)

LaTeX Warning: There were multiply-defined labels.

 ) 
Here is how much of TeX's memory you used:
 939 strings out of 493226
 13243 string characters out of 6144095
 80186 words of memory out of 5000000
 4927 multiletter control sequences out of 15000+600000
 17074 words of font info for 66 fonts, out of 8000000 for 9000
 929 hyphenation exceptions out of 8191
 25i,7n,21p,268b,330s stack positions out of 5000i,500n,10000p,200000b,80000s

Output written on subthemeReport.dvi (42 pages, 89420 bytes).
